<?xml version="1.0" encoding="UTF-8"?>
<!-- Generated by org.testng.reporters.JUnitReportReporter -->
<testsuite hostname="DESKTOP-49N3OGK" failures="0" tests="1" name="com.test.Testcase" time="18.356" errors="0" timestamp="2023-10-20T12:59:58 IST" skipped="0">
  <testcase classname="com.test.Testcase" name="TC_1" time="18.356"/>
</testsuite> <!-- com.test.Testcase -->
